============================================================================
| ACPYPE: AnteChamber PYthon Parser interfacE v. 2023.10.27 (c) 2025 AWSdS |
============================================================================
DEBUG: CLI: -i clean_ligand.mol2 -b intermediate1 -c user -n 0
DEBUG: Python Version 3.10.12 (main, Nov 4 2025, 08:48:33) [GCC 11.4.0]
DEBUG: Max execution time tolerance is 3h
DEBUG: /home/ff66ccff/.local/lib/python3.10/site-packages/acpype/amber_linux/bin/antechamber -dr no -i clean_ligand.mol2 -fi mol2 -o tmp -fo ac -pf y
DEBUG: 
Welcome to antechamber 22.0: molecular input file processor.

Info: The atom type is set to gaff; the options available to the -at flag are
 gaff, gaff2, amber, bcc, and sybyl.


DEBUG: setResNameCheckCoords done
==> Reading user's charges from mol2 file...
DEBUG: /home/ff66ccff/.local/lib/python3.10/site-packages/acpype/amber_linux/bin/antechamber -dr no -i clean_ligand.mol2 -fi mol2 -o tmp -fo mol2 -c wc -cf tmp.crg -pf n
DEBUG: ++++++++++start_quote+++++++++++++++++++++++++++++++++++++++++++++++++++++++++++
DEBUG: 
Welcome to antechamber 22.0: molecular input file processor.

Info: The atom type is set to gaff; the options available to the -at flag are
 gaff, gaff2, amber, bcc, and sybyl.


DEBUG: ++++++++++end_quote+++++++++++++++++++++++++++++++++++++++++++++++++++++++++++++
DEBUG: readMol2TotalCharge: 0.0030000000000000165
DEBUG: Net charge drift '0.003000'
==> ... charge set to 0
==> Executing Antechamber...
DEBUG: /home/ff66ccff/.local/lib/python3.10/site-packages/acpype/amber_linux/bin/antechamber -dr no -i clean_ligand.mol2 -fi mol2 -o intermediate1_user_gaff2.mol2 -fo mol2 -nc 0 -m 1 -s 2 -df 2 -at gaff2 -pf n 
==> AC output file present... doing nothing
==> * Antechamber OK *
DEBUG: /home/ff66ccff/.local/lib/python3.10/site-packages/acpype/amber_linux/bin/parmchk2 -i intermediate1_user_gaff2.mol2 -f mol2 -o intermediate1_AC.frcmod -s 2
==> * Parmchk OK *
DEBUG: No crd or prm files left to be removed
==> Executing Tleap...
DEBUG: /home/ff66ccff/.local/lib/python3.10/site-packages/acpype/amber_linux/bin/tleap -f tleap.in
DEBUG: ++++++++++start_quote+++++++++++++++++++++++++++++++++++++++++++++++++++++++++++
DEBUG: 
DEBUG: ++++++++++end_quote+++++++++++++++++++++++++++++++++++++++++++++++++++++++++++++
ERROR: ++++++++++start_quote+++++++++++++++++++++++++++++++++++++++++++++++++++++++++++
ERROR: /home/ff66ccff/.local/lib/python3.10/site-packages/acpype/amber_linux/bin/teLeap: symbol lookup error: /home/ff66ccff/.local/lib/python3.10/site-packages/acpype/amber_linux/bin/../lib/libnetcdf.so.19: undefined symbol: H5FDperform_init
ERROR: ++++++++++end_quote+++++++++++++++++++++++++++++++++++++++++++++++++++++++++++++
ERROR: Tleap failed
==> Removing temporary files...
ERROR: ACPYPE FAILED: [Errno 2] No such file or directory: 'intermediate1_AC.prmtop'
Traceback (most recent call last):
  File "/home/ff66ccff/.local/lib/python3.10/site-packages/acpype/cli.py", line 138, in init_main
    molecule.createMolTopol()
  File "/home/ff66ccff/.local/lib/python3.10/site-packages/acpype/topol.py", line 1115, in createMolTopol
    self.topFileData = open(self.acTopFileName).readlines()
FileNotFoundError: [Errno 2] No such file or directory: 'intermediate1_AC.prmtop'
Total time of execution: 1s
DEBUG: No tmp folder left to be removed
